{
  message: 'No se pudo conectar a la base de datos. Servidor no iniciado.',
  level: 'error',
  service: 'calendario-backend',
  environment: 'development',
  timestamp: '2025-09-23 09:59:46'
}
{
  message: '🚀 Servidor ejecutándose en http://localhost:4000',
  level: 'info',
  service: 'calendario-backend',
  environment: 'development',
  timestamp: '2025-09-23 10:00:12'
}
{
  message: '📚 API disponible en http://localhost:4000/api/v1',
  level: 'info',
  service: 'calendario-backend',
  environment: 'development',
  timestamp: '2025-09-23 10:00:12'
}
{
  message: '🏥 Health check en http://localhost:4000/health',
  level: 'info',
  service: 'calendario-backend',
  environment: 'development',
  timestamp: '2025-09-23 10:00:12'
}
{
  message: '🌍 Entorno: development',
  level: 'info',
  service: 'calendario-backend',
  environment: 'development',
  timestamp: '2025-09-23 10:00:12'
}
{
  service: 'calendario-backend',
  environment: 'development',
  method: 'POST',
  url: '/validate-session',
  statusCode: 200,
  duration: '29ms',
  ip: '::1',
  userAgent: 'Mozilla/5.0 (Windows NT 10.0; Win64; x64) AppleWebKit/537.36 (KHTML, like Gecko) Chrome/140.0.0.0 Safari/537.36',
  userId: 1,
  timestamp: '2025-09-23 10:00:28',
  level: 'info',
  message: 'HTTP Request'
}
{
  service: 'calendario-backend',
  environment: 'development',
  method: 'GET',
  url: '/dias-finalizados',
  statusCode: 200,
  duration: '4ms',
  ip: '::1',
  userAgent: 'Mozilla/5.0 (Windows NT 10.0; Win64; x64) AppleWebKit/537.36 (KHTML, like Gecko) Chrome/140.0.0.0 Safari/537.36',
  userId: 1,
  timestamp: '2025-09-23 10:00:28',
  level: 'info',
  message: 'HTTP Request'
}
{
  service: 'calendario-backend',
  environment: 'development',
  method: 'GET',
  url: '/datos-dia/2025-09-23',
  statusCode: 200,
  duration: '19ms',
  ip: '::1',
  userAgent: 'Mozilla/5.0 (Windows NT 10.0; Win64; x64) AppleWebKit/537.36 (KHTML, like Gecko) Chrome/140.0.0.0 Safari/537.36',
  userId: 1,
  timestamp: '2025-09-23 10:00:32',
  level: 'info',
  message: 'HTTP Request'
}
{
  service: 'calendario-backend',
  environment: 'development',
  method: 'GET',
  url: '/datos-dia/2025-09-23',
  statusCode: 200,
  duration: '8ms',
  ip: '::1',
  userAgent: 'Mozilla/5.0 (Windows NT 10.0; Win64; x64) AppleWebKit/537.36 (KHTML, like Gecko) Chrome/140.0.0.0 Safari/537.36',
  userId: 1,
  timestamp: '2025-09-23 10:00:32',
  level: 'info',
  message: 'HTTP Request'
}
{
  message: '🛑 SIGINT recibido. Cerrando servidor gracefully...',
  level: 'info',
  service: 'calendario-backend',
  environment: 'development',
  timestamp: '2025-09-23 10:02:38'
}
{
  message: '🚀 Servidor ejecutándose en http://localhost:4000',
  level: 'info',
  service: 'calendario-backend',
  environment: 'development',
  timestamp: '2025-09-23 16:36:34'
}
{
  message: '📚 API disponible en http://localhost:4000/api/v1',
  level: 'info',
  service: 'calendario-backend',
  environment: 'development',
  timestamp: '2025-09-23 16:36:34'
}
{
  message: '🏥 Health check en http://localhost:4000/health',
  level: 'info',
  service: 'calendario-backend',
  environment: 'development',
  timestamp: '2025-09-23 16:36:34'
}
{
  message: '🌍 Entorno: development',
  level: 'info',
  service: 'calendario-backend',
  environment: 'development',
  timestamp: '2025-09-23 16:36:34'
}
