{
  error: Error: write EPIPE
      at afterWriteDispatched (node:internal/stream_base_commons:159:15)
      at writeGeneric (node:internal/stream_base_commons:150:3)
      at Socket._writeGeneric (node:net:971:11)
      at Socket._write (node:net:983:8)
      at writeOrBuffer (node:internal/streams/writable:572:12)
      at _write (node:internal/streams/writable:501:10)
      at Writable.write (node:internal/streams/writable:510:10)
      at Console.log (C:\Users\Pinetta Hernan\Desktop\React\Quiniela\calendario-gastos-quinielas\src\backend\node_modules\winston\lib\winston\transports\console.js:87:23)
      at Console._write (C:\Users\Pinetta Hernan\Desktop\React\Quiniela\calendario-gastos-quinielas\src\backend\node_modules\winston-transport\modern.js:103:17)
      at doWrite (C:\Users\Pinetta Hernan\Desktop\React\Quiniela\calendario-gastos-quinielas\src\backend\node_modules\readable-stream\lib\_stream_writable.js:390:139) {
    errno: -4047,
    code: 'EPIPE',
    syscall: 'write'
  },
  level: 'error',
  message: 'uncaughtException: write EPIPE\n' +
    'Error: write EPIPE\n' +
    '    at afterWriteDispatched (node:internal/stream_base_commons:159:15)\n' +
    '    at writeGeneric (node:internal/stream_base_commons:150:3)\n' +
    '    at Socket._writeGeneric (node:net:971:11)\n' +
    '    at Socket._write (node:net:983:8)\n' +
    '    at writeOrBuffer (node:internal/streams/writable:572:12)\n' +
    '    at _write (node:internal/streams/writable:501:10)\n' +
    '    at Writable.write (node:internal/streams/writable:510:10)\n' +
    '    at Console.log (C:\\Users\\Pinetta Hernan\\Desktop\\React\\Quiniela\\calendario-gastos-quinielas\\src\\backend\\node_modules\\winston\\lib\\winston\\transports\\console.js:87:23)\n' +
    '    at Console._write (C:\\Users\\Pinetta Hernan\\Desktop\\React\\Quiniela\\calendario-gastos-quinielas\\src\\backend\\node_modules\\winston-transport\\modern.js:103:17)\n' +
    '    at doWrite (C:\\Users\\Pinetta Hernan\\Desktop\\React\\Quiniela\\calendario-gastos-quinielas\\src\\backend\\node_modules\\readable-stream\\lib\\_stream_writable.js:390:139)',
  stack: 'Error: write EPIPE\n' +
    '    at afterWriteDispatched (node:internal/stream_base_commons:159:15)\n' +
    '    at writeGeneric (node:internal/stream_base_commons:150:3)\n' +
    '    at Socket._writeGeneric (node:net:971:11)\n' +
    '    at Socket._write (node:net:983:8)\n' +
    '    at writeOrBuffer (node:internal/streams/writable:572:12)\n' +
    '    at _write (node:internal/streams/writable:501:10)\n' +
    '    at Writable.write (node:internal/streams/writable:510:10)\n' +
    '    at Console.log (C:\\Users\\Pinetta Hernan\\Desktop\\React\\Quiniela\\calendario-gastos-quinielas\\src\\backend\\node_modules\\winston\\lib\\winston\\transports\\console.js:87:23)\n' +
    '    at Console._write (C:\\Users\\Pinetta Hernan\\Desktop\\React\\Quiniela\\calendario-gastos-quinielas\\src\\backend\\node_modules\\winston-transport\\modern.js:103:17)\n' +
    '    at doWrite (C:\\Users\\Pinetta Hernan\\Desktop\\React\\Quiniela\\calendario-gastos-quinielas\\src\\backend\\node_modules\\readable-stream\\lib\\_stream_writable.js:390:139)',
  exception: true,
  date: 'Wed Oct 01 2025 09:15:39 GMT-0300 (hora estándar de Argentina)',
  process: {
    pid: 3492,
    uid: null,
    gid: null,
    cwd: 'C:\\Users\\Pinetta Hernan\\Desktop\\React\\Quiniela\\calendario-gastos-quinielas\\src\\backend',
    execPath: 'C:\\Program Files\\nodejs\\node.exe',
    version: 'v22.16.0',
    argv: [
      'C:\\Program Files\\nodejs\\node.exe',
      'C:\\Users\\Pinetta Hernan\\Desktop\\React\\Quiniela\\calendario-gastos-quinielas\\src\\backend\\src\\server.ts'
    ],
    memoryUsage: {
      rss: 15966208,
      heapTotal: 20070400,
      heapUsed: 18256304,
      external: 2546353,
      arrayBuffers: 19029
    }
  },
  os: { loadavg: [ 0, 0, 0 ], uptime: 578125.562 },
  trace: [
    {
      column: 15,
      file: 'node:internal/stream_base_commons',
      function: 'afterWriteDispatched',
      line: 159,
      method: null,
      native: false
    },
    {
      column: 3,
      file: 'node:internal/stream_base_commons',
      function: 'writeGeneric',
      line: 150,
      method: null,
      native: false
    },
    {
      column: 11,
      file: 'node:net',
      function: 'Socket._writeGeneric',
      line: 971,
      method: '_writeGeneric',
      native: false
    },
    {
      column: 8,
      file: 'node:net',
      function: 'Socket._write',
      line: 983,
      method: '_write',
      native: false
    },
    {
      column: 12,
      file: 'node:internal/streams/writable',
      function: 'writeOrBuffer',
      line: 572,
      method: null,
      native: false
    },
    {
      column: 10,
      file: 'node:internal/streams/writable',
      function: '_write',
      line: 501,
      method: null,
      native: false
    },
    {
      column: 10,
      file: 'node:internal/streams/writable',
      function: 'Writable.write',
      line: 510,
      method: 'write',
      native: false
    },
    {
      column: 23,
      file: 'C:\\Users\\Pinetta Hernan\\Desktop\\React\\Quiniela\\calendario-gastos-quinielas\\src\\backend\\node_modules\\winston\\lib\\winston\\transports\\console.js',
      function: 'Console.log',
      line: 87,
      method: 'log',
      native: false
    },
    {
      column: 17,
      file: 'C:\\Users\\Pinetta Hernan\\Desktop\\React\\Quiniela\\calendario-gastos-quinielas\\src\\backend\\node_modules\\winston-transport\\modern.js',
      function: 'Console._write',
      line: 103,
      method: '_write',
      native: false
    },
    {
      column: 139,
      file: 'C:\\Users\\Pinetta Hernan\\Desktop\\React\\Quiniela\\calendario-gastos-quinielas\\src\\backend\\node_modules\\readable-stream\\lib\\_stream_writable.js',
      function: 'doWrite',
      line: 390,
      method: null,
      native: false
    }
  ],
  service: 'calendario-backend',
  environment: 'production',
  timestamp: '2025-10-01 09:15:39'
}
